
********************************************************************************
                            Git Achievement Unlocked!

                                     Student
       Accessed the documentation for a command with git [command] --help
********************************************************************************


********************************************************************************
                            Git Achievement Unlocked!

                                 Garage Inventor
                      Used a custom alias for a Git command
********************************************************************************


********************************************************************************
                            Git Achievement Unlocked!

                                     Dentist
                       Extracted patches using git log -p.
********************************************************************************


********************************************************************************
                            Git Achievement Unlocked!

                         Apprentice Historian (Level 1)
                    Investigate the commit log using git log.
********************************************************************************


********************************************************************************
                            Git Achievement Unlocked!

                           Apprentice Author (Level 1)
                     Made 2^Level commits using git commit.
********************************************************************************


********************************************************************************
                            Git Achievement Unlocked!

                         Apprentice Collector (Level 1)
       Fetches named heads or tags from another repository with git fetch
********************************************************************************


********************************************************************************
                            Git Achievement Unlocked!

                         Apprentice Historian (Level 2)
                    Investigate the commit log using git log.
********************************************************************************


********************************************************************************
                            Git Achievement Unlocked!

                           Apprentice Author (Level 2)
                     Made 2^Level commits using git commit.
********************************************************************************


********************************************************************************
                            Git Achievement Unlocked!

                           Apprentice Author (Level 3)
                     Made 2^Level commits using git commit.
********************************************************************************


********************************************************************************
                            Git Achievement Unlocked!

                         Apprentice Socialite (Level 1)
              pushed a branch to a remote repository using git push
********************************************************************************


********************************************************************************
                            Git Achievement Unlocked!

                         Apprentice Socialite (Level 2)
              pushed a branch to a remote repository using git push
********************************************************************************


********************************************************************************
                            Git Achievement Unlocked!

                                Author (Level 4)
                     Made 2^Level commits using git commit.
********************************************************************************


********************************************************************************
                            Git Achievement Unlocked!

                         Apprentice Historian (Level 3)
                    Investigate the commit log using git log.
********************************************************************************


********************************************************************************
                            Git Achievement Unlocked!

                        Apprentice Stone Mason (Level 1)
   Added files to the index area for inclusion in the next commit with git add
********************************************************************************


********************************************************************************
                            Git Achievement Unlocked!

                      Apprentice Product Manager (Level 1)
       Stash the changes in a dirty working directory away with git stash.
********************************************************************************


********************************************************************************
                            Git Achievement Unlocked!

                      Apprentice Product Manager (Level 2)
       Stash the changes in a dirty working directory away with git stash.
********************************************************************************


********************************************************************************
                            Git Achievement Unlocked!

                               Historian (Level 4)
                    Investigate the commit log using git log.
********************************************************************************


********************************************************************************
                            Git Achievement Unlocked!

                           Apprentice Gipsy (Level 1)
            Create, list, delete a tag signed with GPG using git tag
********************************************************************************


********************************************************************************
                            Git Achievement Unlocked!

                        Apprentice Stone Mason (Level 2)
   Added files to the index area for inclusion in the next commit with git add
********************************************************************************


********************************************************************************
                            Git Achievement Unlocked!

                      Apprentice Product Manager (Level 3)
       Stash the changes in a dirty working directory away with git stash.
********************************************************************************


********************************************************************************
                            Git Achievement Unlocked!

                          Apprentice Pedantic (Level 1)
 Use the flow extension to encourage an orderly and standardized branching model
********************************************************************************


********************************************************************************
                            Git Achievement Unlocked!

                         Apprentice Collector (Level 2)
       Fetches named heads or tags from another repository with git fetch
********************************************************************************


********************************************************************************
                            Git Achievement Unlocked!

                               Historian (Level 5)
                    Investigate the commit log using git log.
********************************************************************************


********************************************************************************
                            Git Achievement Unlocked!

                          Apprentice Pedantic (Level 2)
 Use the flow extension to encourage an orderly and standardized branching model
********************************************************************************


********************************************************************************
                            Git Achievement Unlocked!

                        Apprentice Stone Mason (Level 3)
   Added files to the index area for inclusion in the next commit with git add
********************************************************************************


********************************************************************************
                            Git Achievement Unlocked!

                                Author (Level 5)
                     Made 2^Level commits using git commit.
********************************************************************************


********************************************************************************
                            Git Achievement Unlocked!

                           Apprentice Banker (Level 1)
         Join two or more development histories together with git merge.
********************************************************************************


********************************************************************************
                            Git Achievement Unlocked!

                               Pedantic (Level 4)
 Use the flow extension to encourage an orderly and standardized branching model
********************************************************************************


********************************************************************************
                            Git Achievement Unlocked!

                         Apprentice Socialite (Level 3)
              pushed a branch to a remote repository using git push
********************************************************************************


********************************************************************************
                            Git Achievement Unlocked!

                              Stone Mason (Level 4)
   Added files to the index area for inclusion in the next commit with git add
********************************************************************************


********************************************************************************
                            Git Achievement Unlocked!

                              Stone Mason (Level 5)
   Added files to the index area for inclusion in the next commit with git add
********************************************************************************


********************************************************************************
                            Git Achievement Unlocked!

                               Socialite (Level 4)
              pushed a branch to a remote repository using git push
********************************************************************************


********************************************************************************
                            Git Achievement Unlocked!

                         Apprentice Collector (Level 3)
       Fetches named heads or tags from another repository with git fetch
********************************************************************************


********************************************************************************
                            Git Achievement Unlocked!

                            Product Manager (Level 4)
       Stash the changes in a dirty working directory away with git stash.
********************************************************************************


********************************************************************************
                            Git Achievement Unlocked!

                                 Gipsy (Level 4)
            Create, list, delete a tag signed with GPG using git tag
********************************************************************************


********************************************************************************
                            Git Achievement Unlocked!

                                Author (Level 6)
                     Made 2^Level commits using git commit.
********************************************************************************


********************************************************************************
                            Git Achievement Unlocked!

                               Historian (Level 6)
                    Investigate the commit log using git log.
********************************************************************************


********************************************************************************
                            Git Achievement Unlocked!

                               Collector (Level 4)
       Fetches named heads or tags from another repository with git fetch
********************************************************************************


********************************************************************************
                            Git Achievement Unlocked!

                               Socialite (Level 5)
              pushed a branch to a remote repository using git push
********************************************************************************


********************************************************************************
                            Git Achievement Unlocked!                            

                                    Baptised                                    
                     Set global user name using git config.                     
********************************************************************************


********************************************************************************
                            Git Achievement Unlocked!                            

                                    Homeowner                                    
                   Set global email address using git config.                   
********************************************************************************


********************************************************************************
                            Git Achievement Unlocked!                            

                        Apprentice Tree Trimmer (Level 1)                        
                     Rewrite branches with git filter-branch                     
********************************************************************************


********************************************************************************
                            Git Achievement Unlocked!                            

                           Master Historian (Level 7)                           
                    Investigate the commit log using git log.                    
********************************************************************************


********************************************************************************
                            Git Achievement Unlocked!                            

                        Apprentice Tree Trimmer (Level 2)                        
                     Rewrite branches with git filter-branch                     
********************************************************************************


********************************************************************************
                            Git Achievement Unlocked!                            

                         Apprentice Architect (Level 1)                         
                     Created a new repository with git init.                     
********************************************************************************


********************************************************************************
                            Git Achievement Unlocked!                            

                               Let there be light                               
                            Commit without a parent.                            
********************************************************************************


********************************************************************************
                            Git Achievement Unlocked!                            

                         Apprentice Goldsmith (Level 1)                         
           Reviewed patches before committing with git diff --cached.           
********************************************************************************


********************************************************************************
                            Git Achievement Unlocked!                            

                         Apprentice Locksmith (Level 1)                         
Add Signed-off-by line at the end of the commit log message using git commit -s.
********************************************************************************


********************************************************************************
                            Git Achievement Unlocked!                            

                                    Caretaker                                    
                    Added a .gitignore file to a repository.                    
********************************************************************************


********************************************************************************
                            Git Achievement Unlocked!                            

                         Apprentice Seamstress (Level 1)                         
                    amended a commit with git commit --amend.                    
********************************************************************************


********************************************************************************
                            Git Achievement Unlocked!                            

                          Apprentice Merchant (Level 1)                          
                Added an external repository with git remote add.                
********************************************************************************


********************************************************************************
                            Git Achievement Unlocked!                            

                        Apprentice Web Designer (Level 1)                        
      Instantly browse your working repository in gitweb with git instaweb      
********************************************************************************


********************************************************************************
                            Git Achievement Unlocked!                            

                             Master Author (Level 7)                             
                     Made 2^Level commits using git commit.                     
********************************************************************************


********************************************************************************
                            Git Achievement Unlocked!                            

                               Socialite (Level 6)                               
              pushed a branch to a remote repository using git push              
********************************************************************************


********************************************************************************
                            Git Achievement Unlocked!                            

                               Pedantic (Level 5)                               
 Use the flow extension to encourage an orderly and standardized branching model 
********************************************************************************


********************************************************************************
                            Git Achievement Unlocked!                            

                         Apprentice Blacksmith (Level 1)                         
                     Created a branch using git checkout -b.                     
********************************************************************************


********************************************************************************
                            Git Achievement Unlocked!                            

                         Apprentice Blacksmith (Level 2)                         
                     Created a branch using git checkout -b.                     
********************************************************************************


********************************************************************************
                            Git Achievement Unlocked!                            

                         Apprentice Blacksmith (Level 3)                         
                     Created a branch using git checkout -b.                     
********************************************************************************


********************************************************************************
                            Git Achievement Unlocked!                            

                         Apprentice Seamstress (Level 2)                         
                    amended a commit with git commit --amend.                    
********************************************************************************


********************************************************************************
                            Git Achievement Unlocked!                            

                          Apprentice Merchant (Level 2)                          
                Added an external repository with git remote add.                
********************************************************************************


********************************************************************************
                            Git Achievement Unlocked!                            

                          Master Stone Mason (Level 7)                          
   Added files to the index area for inclusion in the next commit with git add   
********************************************************************************


********************************************************************************
                            Git Achievement Unlocked!                            

                               Collector (Level 5)                               
       Fetches named heads or tags from another repository with git fetch       
********************************************************************************


********************************************************************************
                            Git Achievement Unlocked!                            

                             Master Author (Level 8)                             
                     Made 2^Level commits using git commit.                     
********************************************************************************


********************************************************************************
                            Git Achievement Unlocked!                            

                                 Gipsy (Level 5)                                 
            Create, list, delete a tag signed with GPG using git tag            
********************************************************************************


********************************************************************************
                            Git Achievement Unlocked!                            

                           Master Historian (Level 8)                           
                    Investigate the commit log using git log.                    
********************************************************************************


********************************************************************************
                            Git Achievement Unlocked!                            

                                Banker (Level 5)                                
         Join two or more development histories together with git merge.         
********************************************************************************


********************************************************************************
                            Git Achievement Unlocked!                            

                           Master Socialite (Level 7)                           
              pushed a branch to a remote repository using git push              
********************************************************************************


********************************************************************************
                            Git Achievement Unlocked!                            

                               Collector (Level 6)                               
       Fetches named heads or tags from another repository with git fetch       
********************************************************************************


********************************************************************************
                            Git Achievement Unlocked!                            

                                     Weaver                                     
                  Investigate old branches by using git reflog                  
********************************************************************************


********************************************************************************
                            Git Achievement Unlocked!                            

                                 Stamp Collector                                 
          Investigate old branches by using git reflog --date=relative          
********************************************************************************


********************************************************************************
                            Git Achievement Unlocked!                            

                               Pedantic (Level 6)                               
 Use the flow extension to encourage an orderly and standardized branching model 
********************************************************************************


********************************************************************************
                            Git Achievement Unlocked!                            

                         Apprentice Carpenter (Level 1)                         
 Custom git hooks are installed which help catch issues before they are shared. 
********************************************************************************


********************************************************************************
                            Git Achievement Unlocked!                            

                             Master Author (Level 9)                             
                     Made 2^Level commits using git commit.                     
********************************************************************************


********************************************************************************
                            Git Achievement Unlocked!                            

                          Apprentice Gardner (Level 1)                          
              Shows the commit ancestry graph with git show-branch              
********************************************************************************


********************************************************************************
                            Git Achievement Unlocked!                            

                           Master Historian (Level 9)                           
                    Investigate the commit log using git log.                    
********************************************************************************


********************************************************************************
                            Git Achievement Unlocked!                            

                        Master Carpenter (Level        1)                        
 Custom git hooks are installed which help catch issues before they are shared. 
********************************************************************************


********************************************************************************
                            Git Achievement Unlocked!                            

                            Product Manager (Level 6)                            
       Stash the changes in a dirty working directory away with git stash.       
********************************************************************************


********************************************************************************
                            Git Achievement Unlocked!                            

                           Master Socialite (Level 8)                           
              pushed a branch to a remote repository using git push              
********************************************************************************


********************************************************************************
                            Git Achievement Unlocked!                            

                           Master Collector (Level 7)                           
       Fetches named heads or tags from another repository with git fetch       
********************************************************************************

********************************************************************************
                            Git Achievement Unlocked!                            

                           Apprentice Banker (Level 2)                           
         Join two or more development histories together with git merge.         
********************************************************************************


********************************************************************************
                            Git Achievement Unlocked!                            

                           Apprentice Gipsy (Level 3)                           
            Create, list, delete a tag signed with GPG using git tag            
********************************************************************************


********************************************************************************
                            Git Achievement Unlocked!                            

                          Apprentice Pedantic (Level 3)                          
 Use the flow extension to encourage an orderly and standardized branching model 
********************************************************************************


********************************************************************************
                            Git Achievement Unlocked!                            

                                    Librarian                                    
       Looked for change that introduce or remove a string with git log -S       
********************************************************************************


********************************************************************************
                            Git Achievement Unlocked!                            

                              Stone Mason (Level 6)                              
   Added files to the index area for inclusion in the next commit with git add   
********************************************************************************

